/labs/kamaleswaranlab/anaconda3/rapids/bin:/labs/kamaleswaranlab/tesseract-custom/bin:/usr/lib64/mpich/bin:/labs/kamaleswaranlab/tesseract-custom/bin:/home/maror24/anaconda3/condabin:/labs/kamaleswaranlab/tesseract-custom/bin:/usr/local/bin:/usr/bin:/usr/local/sbin:/usr/sbin:/home/maror24/.local/bin:/home/maror24/bin:/home/maror24/.local/bin:/home/maror24/bin:/usr/local/cuda/bin:/opt/spark/bin
CSN does not exist in CJSEPSIS_DEMOGRAPHICS_2015.dsv
CJSEPSIS_DEMOGRAPHICS_2015.dsv deidentified
Demographic columns dropped
Pat ID matching list saved
CSN matching list saved
CJSEPSIS_ENCOUNTER_2015.dsv deidentified
CJSEPSIS_GCS_2015.dsv deidentified
CJSEPSIS_ICDPROCEDURES_2015.dsv deidentified
CJSEPSIS_BEDLOCATION_2015.dsv deidentified
CJSEPSIS_CPT_2015.dsv deidentified
CJSEPSIS_CULTURES_2015.dsv deidentified
CJSEPSIS_DIAGNOSIS_2015.dsv deidentified
CJSEPSIS_ORPROCEDURES_2015.dsv deidentified
CJSEPSIS_SENSITIVITIES_2015.dsv deidentified
CJSEPSIS_VENT_2015.dsv deidentified
CJSEPSIS_VITALS_2015.dsv deidentified
CJSEPSIS_INFUSIONMEDS_2015.dsv deidentified
CJSEPSIS_LABS_2015.dsv deidentified
PAT_ID does not exist in CJSEPSIS_NONINFUSEDMEDS_2015.dsv
CJSEPSIS_NONINFUSEDMEDS_2015.dsv deidentified
PAT_ID does not exist in CJSEPSIS_NONINFUSEDMEDS_v2_2015.dsv
CJSEPSIS_NONINFUSEDMEDS_v2_2015.dsv deidentified
